{
  "stats": {
    "suites": 1,
    "tests": 1,
    "passes": 1,
    "pending": 0,
    "failures": 0,
    "start": "2022-12-27T13:38:07.472Z",
    "end": "2022-12-27T13:38:26.228Z",
    "duration": 18756,
    "testsRegistered": 1,
    "passPercent": 100,
    "pendingPercent": 0,
    "other": 0,
    "hasOther": false,
    "skipped": 0,
    "hasSkipped": false
  },
  "results": [
    {
      "uuid": "45001b93-5e9e-47a1-ac19-d5ce587e1b17",
      "title": "",
      "fullFile": "cypress/e2e/tests/linkedIn.cy.js",
      "file": "cypress/e2e/tests/linkedIn.cy.js",
      "beforeHooks": [],
      "afterHooks": [],
      "tests": [],
      "suites": [
        {
          "uuid": "23937444-13d1-44e4-8522-664a001dd208",
          "title": "Go to linkedIn",
          "fullFile": "",
          "file": "",
          "beforeHooks": [],
          "afterHooks": [],
          "tests": [
            {
              "title": "A10 - Сhecking the functionality of the \"LinkedIn\" reference on the main page",
              "fullTitle": "Go to linkedIn A10 - Сhecking the functionality of the \"LinkedIn\" reference on the main page",
              "timedOut": null,
              "duration": 11926,
              "state": "passed",
              "speed": "slow",
              "pass": true,
              "fail": false,
              "pending": false,
              "context": null,
              "code": "cy.visit('https://telnyx.com/');\ncy.acceptCookies();\nmainPage.clickLinkedInBtn();\ncy.url().should('include', 'linkedin');",
              "err": {},
              "uuid": "f4f3bc4f-534c-4f8d-b997-f6b5834167a0",
              "parentUUID": "23937444-13d1-44e4-8522-664a001dd208",
              "isHook": false,
              "skipped": false
            }
          ],
          "suites": [],
          "passes": [
            "f4f3bc4f-534c-4f8d-b997-f6b5834167a0"
          ],
          "failures": [],
          "pending": [],
          "skipped": [],
          "duration": 11926,
          "root": false,
          "rootEmpty": false,
          "_timeout": 2000
        }
      ],
      "passes": [],
      "failures": [],
      "pending": [],
      "skipped": [],
      "duration": 0,
      "root": true,
      "rootEmpty": true,
      "_timeout": 2000
    }
  ],
  "meta": {
    "mocha": {
      "version": "7.0.1"
    },
    "mochawesome": {
      "options": {
        "quiet": false,
        "reportFilename": "mochawesome",
        "saveHtml": false,
        "saveJson": true,
        "consoleReporter": "spec",
        "useInlineDiffs": false,
        "code": true
      },
      "version": "7.1.3"
    },
    "marge": {
      "options": {
        "id": "default",
        "reportDir": "cypress/results/json",
        "overwrite": false,
        "html": false,
        "json": true
      },
      "version": "6.2.0"
    }
  }
}