{
  "stats": {
    "suites": 1,
    "tests": 1,
    "passes": 1,
    "pending": 0,
    "failures": 0,
    "start": "2022-12-27T13:35:56.637Z",
    "end": "2022-12-27T13:36:36.858Z",
    "duration": 40221,
    "testsRegistered": 1,
    "passPercent": 100,
    "pendingPercent": 0,
    "other": 0,
    "hasOther": false,
    "skipped": 0,
    "hasSkipped": false
  },
  "results": [
    {
      "uuid": "e33c97b1-bd42-4fba-9bb6-7a3d59b77887",
      "title": "",
      "fullFile": "cypress/e2e/tests/goToSignUp.cy.js",
      "file": "cypress/e2e/tests/goToSignUp.cy.js",
      "beforeHooks": [],
      "afterHooks": [],
      "tests": [],
      "suites": [
        {
          "uuid": "8e61f656-35cc-450c-9660-a62efb5a64de",
          "title": "Go to Sign Up",
          "fullFile": "",
          "file": "",
          "beforeHooks": [],
          "afterHooks": [],
          "tests": [
            {
              "title": "A7 -  Checking the ability to go to the sign-up page with the central ‘Email’ field",
              "fullTitle": "Go to Sign Up A7 -  Checking the ability to go to the sign-up page with the central ‘Email’ field",
              "timedOut": null,
              "duration": 32481,
              "state": "passed",
              "speed": "slow",
              "pass": true,
              "fail": false,
              "pending": false,
              "context": null,
              "code": "cy.visit('https://telnyx.com/');\ncy.acceptCookies();\ncy.fixture('const').then(data => {\n  mainPage.fillEmail(data.validEmail);\n});\nmainPage.clickTryForFreeBtn();\ncy.url().should('include', '/sign-up');",
              "err": {},
              "uuid": "a9cf2ade-a600-4f12-8150-74cb857495bb",
              "parentUUID": "8e61f656-35cc-450c-9660-a62efb5a64de",
              "isHook": false,
              "skipped": false
            }
          ],
          "suites": [],
          "passes": [
            "a9cf2ade-a600-4f12-8150-74cb857495bb"
          ],
          "failures": [],
          "pending": [],
          "skipped": [],
          "duration": 32481,
          "root": false,
          "rootEmpty": false,
          "_timeout": 2000
        }
      ],
      "passes": [],
      "failures": [],
      "pending": [],
      "skipped": [],
      "duration": 0,
      "root": true,
      "rootEmpty": true,
      "_timeout": 2000
    }
  ],
  "meta": {
    "mocha": {
      "version": "7.0.1"
    },
    "mochawesome": {
      "options": {
        "quiet": false,
        "reportFilename": "mochawesome",
        "saveHtml": false,
        "saveJson": true,
        "consoleReporter": "spec",
        "useInlineDiffs": false,
        "code": true
      },
      "version": "7.1.3"
    },
    "marge": {
      "options": {
        "id": "default",
        "reportDir": "cypress/results/json",
        "overwrite": false,
        "html": false,
        "json": true
      },
      "version": "6.2.0"
    }
  }
}