{
  "stats": {
    "suites": 1,
    "tests": 1,
    "passes": 1,
    "pending": 0,
    "failures": 0,
    "start": "2023-01-26T15:59:08.003Z",
    "end": "2023-01-26T15:59:23.800Z",
    "duration": 15797,
    "testsRegistered": 1,
    "passPercent": 100,
    "pendingPercent": 0,
    "other": 0,
    "hasOther": false,
    "skipped": 0,
    "hasSkipped": false
  },
  "results": [
    {
      "uuid": "77f7548d-1686-4b63-8507-5245c35e8611",
      "title": "",
      "fullFile": "cypress/e2e/tests/linkedIn.cy.js",
      "file": "cypress/e2e/tests/linkedIn.cy.js",
      "beforeHooks": [],
      "afterHooks": [],
      "tests": [],
      "suites": [
        {
          "uuid": "87ede91d-1ff4-45e3-8b08-010a0b7ebc92",
          "title": "Go to linkedIn",
          "fullFile": "",
          "file": "",
          "beforeHooks": [],
          "afterHooks": [],
          "tests": [
            {
              "title": "A10 - Сhecking the functionality of the \"LinkedIn\" reference on the main page",
              "fullTitle": "Go to linkedIn A10 - Сhecking the functionality of the \"LinkedIn\" reference on the main page",
              "timedOut": null,
              "duration": 11086,
              "state": "passed",
              "speed": "slow",
              "pass": true,
              "fail": false,
              "pending": false,
              "context": null,
              "code": "cy.visit('https://telnyx.com/');\ncy.acceptCookies();\nmainPage.clickLinkedInBtn();\ncy.url().should('include', 'linkedin');",
              "err": {},
              "uuid": "150d295a-3860-4242-86db-dfd0c4e8c18b",
              "parentUUID": "87ede91d-1ff4-45e3-8b08-010a0b7ebc92",
              "isHook": false,
              "skipped": false
            }
          ],
          "suites": [],
          "passes": [
            "150d295a-3860-4242-86db-dfd0c4e8c18b"
          ],
          "failures": [],
          "pending": [],
          "skipped": [],
          "duration": 11086,
          "root": false,
          "rootEmpty": false,
          "_timeout": 2000
        }
      ],
      "passes": [],
      "failures": [],
      "pending": [],
      "skipped": [],
      "duration": 0,
      "root": true,
      "rootEmpty": true,
      "_timeout": 2000
    }
  ],
  "meta": {
    "mocha": {
      "version": "7.0.1"
    },
    "mochawesome": {
      "options": {
        "quiet": false,
        "reportFilename": "mochawesome",
        "saveHtml": false,
        "saveJson": true,
        "consoleReporter": "spec",
        "useInlineDiffs": false,
        "code": true
      },
      "version": "7.1.3"
    },
    "marge": {
      "options": {
        "id": "default",
        "reportDir": "cypress/results/json",
        "overwrite": false,
        "html": false,
        "json": true
      },
      "version": "6.2.0"
    }
  }
}