{
  "stats": {
    "suites": 1,
    "tests": 1,
    "passes": 1,
    "pending": 0,
    "failures": 0,
    "start": "2022-12-27T13:43:55.980Z",
    "end": "2022-12-27T13:44:13.267Z",
    "duration": 17287,
    "testsRegistered": 1,
    "passPercent": 100,
    "pendingPercent": 0,
    "other": 0,
    "hasOther": false,
    "skipped": 0,
    "hasSkipped": false
  },
  "results": [
    {
      "uuid": "92ad9760-ff38-42d9-8310-f81618e93f9e",
      "title": "",
      "fullFile": "cypress/e2e/tests/menu.cy.js",
      "file": "cypress/e2e/tests/menu.cy.js",
      "beforeHooks": [],
      "afterHooks": [],
      "tests": [],
      "suites": [
        {
          "uuid": "518c4466-7bf3-48c2-88a3-7c5f1c028fae",
          "title": "Menu",
          "fullFile": "",
          "file": "",
          "beforeHooks": [],
          "afterHooks": [],
          "tests": [
            {
              "title": "A8 - Checking that when you open the menu tab, categories 'Products', 'Solutions', 'Network', 'Resoucres', 'Company' and 'Pricing' are visible",
              "fullTitle": "Menu A8 - Checking that when you open the menu tab, categories 'Products', 'Solutions', 'Network', 'Resoucres', 'Company' and 'Pricing' are visible",
              "timedOut": null,
              "duration": 11120,
              "state": "passed",
              "speed": "slow",
              "pass": true,
              "fail": false,
              "pending": false,
              "context": null,
              "code": "cy.visit('https://telnyx.com/');\ncy.acceptCookies();\nmainPage.openMenu();\nmainPage.checkMenuElementsIsVisible();",
              "err": {},
              "uuid": "e7db3377-2a1c-4059-8232-d3855816cbe4",
              "parentUUID": "518c4466-7bf3-48c2-88a3-7c5f1c028fae",
              "isHook": false,
              "skipped": false
            }
          ],
          "suites": [],
          "passes": [
            "e7db3377-2a1c-4059-8232-d3855816cbe4"
          ],
          "failures": [],
          "pending": [],
          "skipped": [],
          "duration": 11120,
          "root": false,
          "rootEmpty": false,
          "_timeout": 2000
        }
      ],
      "passes": [],
      "failures": [],
      "pending": [],
      "skipped": [],
      "duration": 0,
      "root": true,
      "rootEmpty": true,
      "_timeout": 2000
    }
  ],
  "meta": {
    "mocha": {
      "version": "7.0.1"
    },
    "mochawesome": {
      "options": {
        "quiet": false,
        "reportFilename": "mochawesome",
        "saveHtml": false,
        "saveJson": true,
        "consoleReporter": "spec",
        "useInlineDiffs": false,
        "code": true
      },
      "version": "7.1.3"
    },
    "marge": {
      "options": {
        "id": "default",
        "reportDir": "cypress/results/json",
        "overwrite": false,
        "html": false,
        "json": true
      },
      "version": "6.2.0"
    }
  }
}