{
  "stats": {
    "suites": 1,
    "tests": 1,
    "passes": 1,
    "pending": 0,
    "failures": 0,
    "start": "2023-01-26T16:04:57.505Z",
    "end": "2023-01-26T16:05:43.972Z",
    "duration": 46467,
    "testsRegistered": 1,
    "passPercent": 100,
    "pendingPercent": 0,
    "other": 0,
    "hasOther": false,
    "skipped": 0,
    "hasSkipped": false
  },
  "results": [
    {
      "uuid": "200603db-457b-4cbb-b2e2-6ad89aaa7508",
      "title": "",
      "fullFile": "cypress/e2e/tests/passwordRecovery.cy.js",
      "file": "cypress/e2e/tests/passwordRecovery.cy.js",
      "beforeHooks": [],
      "afterHooks": [],
      "tests": [],
      "suites": [
        {
          "uuid": "1445124e-343a-4d0f-96c4-ca9373a1ac52",
          "title": "Password Recovery",
          "fullFile": "",
          "file": "",
          "beforeHooks": [],
          "afterHooks": [],
          "tests": [
            {
              "title": "A5 - Checking the ability to recover password",
              "fullTitle": "Password Recovery A5 - Checking the ability to recover password",
              "timedOut": null,
              "duration": 41006,
              "state": "passed",
              "speed": "slow",
              "pass": true,
              "fail": false,
              "pending": false,
              "context": null,
              "code": "cy.visit('https://telnyx.com/');\ncy.acceptCookies();\n_passwordRecovery.default.clickLogin();\n_passwordRecovery.default.clickForgotPasswordBtn();\ncy.fixture('const').then(data => {\n  _passwordRecovery.default.fillEmail(data.validEmail);\n});\n_passwordRecovery.default.clickResetPasswordBtn();\n_passwordRecovery.default.checkSuccessMessage();",
              "err": {},
              "uuid": "a5413e04-62f1-4bb5-94ba-37a7ef8cf6e2",
              "parentUUID": "1445124e-343a-4d0f-96c4-ca9373a1ac52",
              "isHook": false,
              "skipped": false
            }
          ],
          "suites": [],
          "passes": [
            "a5413e04-62f1-4bb5-94ba-37a7ef8cf6e2"
          ],
          "failures": [],
          "pending": [],
          "skipped": [],
          "duration": 41006,
          "root": false,
          "rootEmpty": false,
          "_timeout": 2000
        }
      ],
      "passes": [],
      "failures": [],
      "pending": [],
      "skipped": [],
      "duration": 0,
      "root": true,
      "rootEmpty": true,
      "_timeout": 2000
    }
  ],
  "meta": {
    "mocha": {
      "version": "7.0.1"
    },
    "mochawesome": {
      "options": {
        "quiet": false,
        "reportFilename": "mochawesome",
        "saveHtml": false,
        "saveJson": true,
        "consoleReporter": "spec",
        "useInlineDiffs": false,
        "code": true
      },
      "version": "7.1.3"
    },
    "marge": {
      "options": {
        "id": "default",
        "reportDir": "cypress/results/json",
        "overwrite": false,
        "html": false,
        "json": true
      },
      "version": "6.2.0"
    }
  }
}