{
  "stats": {
    "suites": 1,
    "tests": 2,
    "passes": 2,
    "pending": 0,
    "failures": 0,
    "start": "2022-12-27T13:39:18.213Z",
    "end": "2022-12-27T13:41:13.723Z",
    "duration": 115510,
    "testsRegistered": 2,
    "passPercent": 100,
    "pendingPercent": 0,
    "other": 0,
    "hasOther": false,
    "skipped": 0,
    "hasSkipped": false
  },
  "results": [
    {
      "uuid": "c83998f9-0a83-46c3-a54c-c36bf6d2c37b",
      "title": "",
      "fullFile": "cypress/e2e/tests/login.cy.js",
      "file": "cypress/e2e/tests/login.cy.js",
      "beforeHooks": [],
      "afterHooks": [],
      "tests": [],
      "suites": [
        {
          "uuid": "b8490f42-b6a8-4ff6-afa3-93d52b7d503b",
          "title": "Log In",
          "fullFile": "",
          "file": "",
          "beforeHooks": [],
          "afterHooks": [],
          "tests": [
            {
              "title": "A3 - Checking the sign in of an existing user with not confirmed email",
              "fullTitle": "Log In A3 - Checking the sign in of an existing user with not confirmed email",
              "timedOut": null,
              "duration": 56314,
              "state": "passed",
              "speed": "slow",
              "pass": true,
              "fail": false,
              "pending": false,
              "context": null,
              "code": "loginPage.clickLogin();\ncy.fixture('const').then(data => {\n  loginPage.fillBusinessEmail(data.validEmail);\n  loginPage.fillPassword(data.password);\n});\nloginPage.submitLogin();\nloginPage.checkNotConfirmedEmailError();",
              "err": {},
              "uuid": "472d028b-4cfd-4d3b-84da-0c47cd264cf6",
              "parentUUID": "b8490f42-b6a8-4ff6-afa3-93d52b7d503b",
              "isHook": false,
              "skipped": false
            },
            {
              "title": "A4 - Checking the sign in of an not existing user",
              "fullTitle": "Log In A4 - Checking the sign in of an not existing user",
              "timedOut": null,
              "duration": 51698,
              "state": "passed",
              "speed": "slow",
              "pass": true,
              "fail": false,
              "pending": false,
              "context": null,
              "code": "loginPage.clickLogin();\ncy.fixture('const').then(data => {\n  loginPage.fillBusinessEmail(data.invalidEmail);\n  loginPage.fillPassword(data.password);\n});\nloginPage.submitLogin();\nloginPage.checkInvalidDataError();",
              "err": {},
              "uuid": "875bb156-44c8-42f0-ad73-9ba326776828",
              "parentUUID": "b8490f42-b6a8-4ff6-afa3-93d52b7d503b",
              "isHook": false,
              "skipped": false
            }
          ],
          "suites": [],
          "passes": [
            "472d028b-4cfd-4d3b-84da-0c47cd264cf6",
            "875bb156-44c8-42f0-ad73-9ba326776828"
          ],
          "failures": [],
          "pending": [],
          "skipped": [],
          "duration": 108012,
          "root": false,
          "rootEmpty": false,
          "_timeout": 2000
        }
      ],
      "passes": [],
      "failures": [],
      "pending": [],
      "skipped": [],
      "duration": 0,
      "root": true,
      "rootEmpty": true,
      "_timeout": 2000
    }
  ],
  "meta": {
    "mocha": {
      "version": "7.0.1"
    },
    "mochawesome": {
      "options": {
        "quiet": false,
        "reportFilename": "mochawesome",
        "saveHtml": false,
        "saveJson": true,
        "consoleReporter": "spec",
        "useInlineDiffs": false,
        "code": true
      },
      "version": "7.1.3"
    },
    "marge": {
      "options": {
        "id": "default",
        "reportDir": "cypress/results/json",
        "overwrite": false,
        "html": false,
        "json": true
      },
      "version": "6.2.0"
    }
  }
}