{
  "stats": {
    "suites": 1,
    "tests": 2,
    "passes": 2,
    "pending": 0,
    "failures": 0,
    "start": "2022-12-24T00:11:21.548Z",
    "end": "2022-12-24T00:12:16.014Z",
    "duration": 54466,
    "testsRegistered": 2,
    "passPercent": 100,
    "pendingPercent": 0,
    "other": 0,
    "hasOther": false,
    "skipped": 0,
    "hasSkipped": false
  },
  "results": [
    {
      "uuid": "d4d1c387-deec-4f1e-bf03-e5d543c5b6c8",
      "title": "",
      "fullFile": "cypress/e2e/tests/login.cy.js",
      "file": "cypress/e2e/tests/login.cy.js",
      "beforeHooks": [],
      "afterHooks": [],
      "tests": [],
      "suites": [
        {
          "uuid": "8cd0cd41-8911-4683-bb42-0b18d6fbe667",
          "title": "Log In",
          "fullFile": "",
          "file": "",
          "beforeHooks": [],
          "afterHooks": [],
          "tests": [
            {
              "title": "A3 - Checking the sign in of an existing user with not confirmed email",
              "fullTitle": "Log In A3 - Checking the sign in of an existing user with not confirmed email",
              "timedOut": null,
              "duration": 25260,
              "state": "passed",
              "speed": "slow",
              "pass": true,
              "fail": false,
              "pending": false,
              "context": null,
              "code": "loginPage.clickLogin();\ncy.fixture('const').then(data => {\n  loginPage.fillBusinessEmail(data.validEmail);\n  loginPage.fillPassword(data.password);\n});\nloginPage.submitLogin();\nloginPage.checkNotConfirmedEmailError();",
              "err": {},
              "uuid": "82d9440b-f50d-4363-b154-9bf57f8cd1bd",
              "parentUUID": "8cd0cd41-8911-4683-bb42-0b18d6fbe667",
              "isHook": false,
              "skipped": false
            },
            {
              "title": "A4 - Checking the sign in of an not existing user",
              "fullTitle": "Log In A4 - Checking the sign in of an not existing user",
              "timedOut": null,
              "duration": 24160,
              "state": "passed",
              "speed": "slow",
              "pass": true,
              "fail": false,
              "pending": false,
              "context": null,
              "code": "loginPage.clickLogin();\ncy.fixture('const').then(data => {\n  loginPage.fillBusinessEmail(data.invalidEmail);\n  loginPage.fillPassword(data.password);\n});\nloginPage.submitLogin();\nloginPage.checkInvalidDataError();",
              "err": {},
              "uuid": "73f5be34-9b6e-4385-9639-cda6de1ca4e6",
              "parentUUID": "8cd0cd41-8911-4683-bb42-0b18d6fbe667",
              "isHook": false,
              "skipped": false
            }
          ],
          "suites": [],
          "passes": [
            "82d9440b-f50d-4363-b154-9bf57f8cd1bd",
            "73f5be34-9b6e-4385-9639-cda6de1ca4e6"
          ],
          "failures": [],
          "pending": [],
          "skipped": [],
          "duration": 49420,
          "root": false,
          "rootEmpty": false,
          "_timeout": 2000
        }
      ],
      "passes": [],
      "failures": [],
      "pending": [],
      "skipped": [],
      "duration": 0,
      "root": true,
      "rootEmpty": true,
      "_timeout": 2000
    }
  ],
  "meta": {
    "mocha": {
      "version": "7.0.1"
    },
    "mochawesome": {
      "options": {
        "quiet": false,
        "reportFilename": "mochawesome",
        "saveHtml": false,
        "saveJson": true,
        "consoleReporter": "spec",
        "useInlineDiffs": false,
        "code": true
      },
      "version": "7.1.3"
    },
    "marge": {
      "options": {
        "id": "default",
        "reportDir": "cypress/results/json",
        "overwrite": false,
        "html": false,
        "json": true
      },
      "version": "6.2.0"
    }
  }
}