{
  "stats": {
    "suites": 1,
    "tests": 1,
    "passes": 1,
    "pending": 0,
    "failures": 0,
    "start": "2022-12-27T13:51:32.614Z",
    "end": "2022-12-27T13:52:01.728Z",
    "duration": 29114,
    "testsRegistered": 1,
    "passPercent": 100,
    "pendingPercent": 0,
    "other": 0,
    "hasOther": false,
    "skipped": 0,
    "hasSkipped": false
  },
  "results": [
    {
      "uuid": "f96fbb6b-e57a-4f2c-a34a-2841e7f92c41",
      "title": "",
      "fullFile": "cypress/e2e/tests/supportCenter.cy.js",
      "file": "cypress/e2e/tests/supportCenter.cy.js",
      "beforeHooks": [],
      "afterHooks": [],
      "tests": [],
      "suites": [
        {
          "uuid": "06a25212-b436-4df1-ad79-7379bbc4196f",
          "title": "Use a support Center",
          "fullFile": "",
          "file": "",
          "beforeHooks": [],
          "afterHooks": [],
          "tests": [
            {
              "title": "A6 - Checking the ability to use a support center",
              "fullTitle": "Use a support Center A6 - Checking the ability to use a support center",
              "timedOut": null,
              "duration": 23296,
              "state": "passed",
              "speed": "slow",
              "pass": true,
              "fail": false,
              "pending": false,
              "context": null,
              "code": "_supportCenter.default.clickSupportCenterBtn();\ncy.fixture('const').then(data => {\n  _supportCenter.default.fillSearchField(data.text);\n  _supportCenter.default.openArticle();\n  _supportCenter.default.checkArticleTitle(data.text);\n});",
              "err": {},
              "uuid": "b1c3069a-b12c-49e1-914d-92d09ef73020",
              "parentUUID": "06a25212-b436-4df1-ad79-7379bbc4196f",
              "isHook": false,
              "skipped": false
            }
          ],
          "suites": [],
          "passes": [
            "b1c3069a-b12c-49e1-914d-92d09ef73020"
          ],
          "failures": [],
          "pending": [],
          "skipped": [],
          "duration": 23296,
          "root": false,
          "rootEmpty": false,
          "_timeout": 2000
        }
      ],
      "passes": [],
      "failures": [],
      "pending": [],
      "skipped": [],
      "duration": 0,
      "root": true,
      "rootEmpty": true,
      "_timeout": 2000
    }
  ],
  "meta": {
    "mocha": {
      "version": "7.0.1"
    },
    "mochawesome": {
      "options": {
        "quiet": false,
        "reportFilename": "mochawesome",
        "saveHtml": false,
        "saveJson": true,
        "consoleReporter": "spec",
        "useInlineDiffs": false,
        "code": true
      },
      "version": "7.1.3"
    },
    "marge": {
      "options": {
        "id": "default",
        "reportDir": "cypress/results/json",
        "overwrite": false,
        "html": false,
        "json": true
      },
      "version": "6.2.0"
    }
  }
}