{
  "stats": {
    "suites": 1,
    "tests": 1,
    "passes": 1,
    "pending": 0,
    "failures": 0,
    "start": "2022-12-24T00:12:57.402Z",
    "end": "2022-12-24T00:13:23.971Z",
    "duration": 26569,
    "testsRegistered": 1,
    "passPercent": 100,
    "pendingPercent": 0,
    "other": 0,
    "hasOther": false,
    "skipped": 0,
    "hasSkipped": false
  },
  "results": [
    {
      "uuid": "307a8d0a-52e2-412d-b792-5c741b5f2081",
      "title": "",
      "fullFile": "cypress/e2e/tests/passwordRecovery.cy.js",
      "file": "cypress/e2e/tests/passwordRecovery.cy.js",
      "beforeHooks": [],
      "afterHooks": [],
      "tests": [],
      "suites": [
        {
          "uuid": "0319b65c-07ed-4ec1-953f-7f20277c46c0",
          "title": "Password Recovery",
          "fullFile": "",
          "file": "",
          "beforeHooks": [],
          "afterHooks": [],
          "tests": [
            {
              "title": "A5 - Checking the ability to recover password",
              "fullTitle": "Password Recovery A5 - Checking the ability to recover password",
              "timedOut": null,
              "duration": 22505,
              "state": "passed",
              "speed": "slow",
              "pass": true,
              "fail": false,
              "pending": false,
              "context": null,
              "code": "cy.visit('https://telnyx.com/');\ncy.acceptCookies();\n_passwordRecovery.default.clickLogin();\n_passwordRecovery.default.clickForgotPasswordBtn();\ncy.fixture('const').then(data => {\n  _passwordRecovery.default.fillEmail(data.validEmail);\n});\n_passwordRecovery.default.clickResetPasswordBtn();\n_passwordRecovery.default.checkSuccessMessage();",
              "err": {},
              "uuid": "b2dd8dcb-05ad-4a70-ba3d-0f3e2273e6ff",
              "parentUUID": "0319b65c-07ed-4ec1-953f-7f20277c46c0",
              "isHook": false,
              "skipped": false
            }
          ],
          "suites": [],
          "passes": [
            "b2dd8dcb-05ad-4a70-ba3d-0f3e2273e6ff"
          ],
          "failures": [],
          "pending": [],
          "skipped": [],
          "duration": 22505,
          "root": false,
          "rootEmpty": false,
          "_timeout": 2000
        }
      ],
      "passes": [],
      "failures": [],
      "pending": [],
      "skipped": [],
      "duration": 0,
      "root": true,
      "rootEmpty": true,
      "_timeout": 2000
    }
  ],
  "meta": {
    "mocha": {
      "version": "7.0.1"
    },
    "mochawesome": {
      "options": {
        "quiet": false,
        "reportFilename": "mochawesome",
        "saveHtml": false,
        "saveJson": true,
        "consoleReporter": "spec",
        "useInlineDiffs": false,
        "code": true
      },
      "version": "7.1.3"
    },
    "marge": {
      "options": {
        "id": "default",
        "reportDir": "cypress/results/json",
        "overwrite": false,
        "html": false,
        "json": true
      },
      "version": "6.2.0"
    }
  }
}