{
  "stats": {
    "suites": 1,
    "tests": 1,
    "passes": 1,
    "pending": 0,
    "failures": 0,
    "start": "2023-01-26T15:52:22.241Z",
    "end": "2023-01-26T15:52:33.350Z",
    "duration": 11109,
    "testsRegistered": 1,
    "passPercent": 100,
    "pendingPercent": 0,
    "other": 0,
    "hasOther": false,
    "skipped": 0,
    "hasSkipped": false
  },
  "results": [
    {
      "uuid": "b88df543-7eff-4f3d-a19b-35bcc1fadce3",
      "title": "",
      "fullFile": "cypress/e2e/tests/goToMain.cy.js",
      "file": "cypress/e2e/tests/goToMain.cy.js",
      "beforeHooks": [],
      "afterHooks": [],
      "tests": [],
      "suites": [
        {
          "uuid": "fd7c9531-3aba-4d04-a873-0dc7e63ba7be",
          "title": "Go to main page",
          "fullFile": "",
          "file": "",
          "beforeHooks": [],
          "afterHooks": [],
          "tests": [
            {
              "title": "A9 - Checking the ability to return to the main page by clicking on site logo",
              "fullTitle": "Go to main page A9 - Checking the ability to return to the main page by clicking on site logo",
              "timedOut": null,
              "duration": 7512,
              "state": "passed",
              "speed": "medium",
              "pass": true,
              "fail": false,
              "pending": false,
              "context": null,
              "code": "cy.visit('https://telnyx.com/');\ncy.acceptCookies();\n_signUp.default.clickSignUp();\n_signUp.default.clickSiteLogo();\ncy.url().should('be.equal', 'https://telnyx.com/');",
              "err": {},
              "uuid": "eb7ca016-5cac-4eda-916a-cc134643e196",
              "parentUUID": "fd7c9531-3aba-4d04-a873-0dc7e63ba7be",
              "isHook": false,
              "skipped": false
            }
          ],
          "suites": [],
          "passes": [
            "eb7ca016-5cac-4eda-916a-cc134643e196"
          ],
          "failures": [],
          "pending": [],
          "skipped": [],
          "duration": 7512,
          "root": false,
          "rootEmpty": false,
          "_timeout": 2000
        }
      ],
      "passes": [],
      "failures": [],
      "pending": [],
      "skipped": [],
      "duration": 0,
      "root": true,
      "rootEmpty": true,
      "_timeout": 2000
    }
  ],
  "meta": {
    "mocha": {
      "version": "7.0.1"
    },
    "mochawesome": {
      "options": {
        "quiet": false,
        "reportFilename": "mochawesome",
        "saveHtml": false,
        "saveJson": true,
        "consoleReporter": "spec",
        "useInlineDiffs": false,
        "code": true
      },
      "version": "7.1.3"
    },
    "marge": {
      "options": {
        "id": "default",
        "reportDir": "cypress/results/json",
        "overwrite": false,
        "html": false,
        "json": true
      },
      "version": "6.2.0"
    }
  }
}