{
  "stats": {
    "suites": 1,
    "tests": 1,
    "passes": 1,
    "pending": 0,
    "failures": 0,
    "start": "2022-12-24T00:12:38.705Z",
    "end": "2022-12-24T00:12:47.452Z",
    "duration": 8747,
    "testsRegistered": 1,
    "passPercent": 100,
    "pendingPercent": 0,
    "other": 0,
    "hasOther": false,
    "skipped": 0,
    "hasSkipped": false
  },
  "results": [
    {
      "uuid": "948403c9-eeff-4c4a-8c6b-097051509088",
      "title": "",
      "fullFile": "cypress/e2e/tests/menu.cy.js",
      "file": "cypress/e2e/tests/menu.cy.js",
      "beforeHooks": [],
      "afterHooks": [],
      "tests": [],
      "suites": [
        {
          "uuid": "34c9a3c9-cc0b-4107-a671-0e5a3388783b",
          "title": "Menu",
          "fullFile": "",
          "file": "",
          "beforeHooks": [],
          "afterHooks": [],
          "tests": [
            {
              "title": "A8 - Checking that when you open the menu tab, categories 'Products', 'Solutions', 'Network', 'Resoucres', 'Company' and 'Pricing' are visible",
              "fullTitle": "Menu A8 - Checking that when you open the menu tab, categories 'Products', 'Solutions', 'Network', 'Resoucres', 'Company' and 'Pricing' are visible",
              "timedOut": null,
              "duration": 4818,
              "state": "passed",
              "speed": "fast",
              "pass": true,
              "fail": false,
              "pending": false,
              "context": null,
              "code": "cy.visit('https://telnyx.com/');\ncy.acceptCookies();\nmainPage.openMenu();\nmainPage.checkMenuElementsIsVisible();",
              "err": {},
              "uuid": "b157ba33-1910-4acf-8e2b-a2e95b80d841",
              "parentUUID": "34c9a3c9-cc0b-4107-a671-0e5a3388783b",
              "isHook": false,
              "skipped": false
            }
          ],
          "suites": [],
          "passes": [
            "b157ba33-1910-4acf-8e2b-a2e95b80d841"
          ],
          "failures": [],
          "pending": [],
          "skipped": [],
          "duration": 4818,
          "root": false,
          "rootEmpty": false,
          "_timeout": 2000
        }
      ],
      "passes": [],
      "failures": [],
      "pending": [],
      "skipped": [],
      "duration": 0,
      "root": true,
      "rootEmpty": true,
      "_timeout": 2000
    }
  ],
  "meta": {
    "mocha": {
      "version": "7.0.1"
    },
    "mochawesome": {
      "options": {
        "quiet": false,
        "reportFilename": "mochawesome",
        "saveHtml": false,
        "saveJson": true,
        "consoleReporter": "spec",
        "useInlineDiffs": false,
        "code": true
      },
      "version": "7.1.3"
    },
    "marge": {
      "options": {
        "id": "default",
        "reportDir": "cypress/results/json",
        "overwrite": false,
        "html": false,
        "json": true
      },
      "version": "6.2.0"
    }
  }
}