{
  "stats": {
    "suites": 1,
    "tests": 1,
    "passes": 1,
    "pending": 0,
    "failures": 0,
    "start": "2023-01-26T16:04:03.314Z",
    "end": "2023-01-26T16:04:16.727Z",
    "duration": 13413,
    "testsRegistered": 1,
    "passPercent": 100,
    "pendingPercent": 0,
    "other": 0,
    "hasOther": false,
    "skipped": 0,
    "hasSkipped": false
  },
  "results": [
    {
      "uuid": "03b87343-a7a8-495d-abb9-909d480c29f8",
      "title": "",
      "fullFile": "cypress/e2e/tests/menu.cy.js",
      "file": "cypress/e2e/tests/menu.cy.js",
      "beforeHooks": [],
      "afterHooks": [],
      "tests": [],
      "suites": [
        {
          "uuid": "f6829eb7-a824-46fe-a230-f355b98f3be9",
          "title": "Menu",
          "fullFile": "",
          "file": "",
          "beforeHooks": [],
          "afterHooks": [],
          "tests": [
            {
              "title": "A8 - Checking that when you open the menu tab, categories 'Products', 'Solutions', 'Network', 'Resoucres', 'Company' and 'Pricing' are visible",
              "fullTitle": "Menu A8 - Checking that when you open the menu tab, categories 'Products', 'Solutions', 'Network', 'Resoucres', 'Company' and 'Pricing' are visible",
              "timedOut": null,
              "duration": 8223,
              "state": "passed",
              "speed": "medium",
              "pass": true,
              "fail": false,
              "pending": false,
              "context": null,
              "code": "cy.visit('https://telnyx.com/');\ncy.acceptCookies();\nmainPage.openMenu();\nmainPage.checkMenuElementsIsVisible();",
              "err": {},
              "uuid": "5b599317-937a-4e87-9555-dfb19f1b018a",
              "parentUUID": "f6829eb7-a824-46fe-a230-f355b98f3be9",
              "isHook": false,
              "skipped": false
            }
          ],
          "suites": [],
          "passes": [
            "5b599317-937a-4e87-9555-dfb19f1b018a"
          ],
          "failures": [],
          "pending": [],
          "skipped": [],
          "duration": 8223,
          "root": false,
          "rootEmpty": false,
          "_timeout": 2000
        }
      ],
      "passes": [],
      "failures": [],
      "pending": [],
      "skipped": [],
      "duration": 0,
      "root": true,
      "rootEmpty": true,
      "_timeout": 2000
    }
  ],
  "meta": {
    "mocha": {
      "version": "7.0.1"
    },
    "mochawesome": {
      "options": {
        "quiet": false,
        "reportFilename": "mochawesome",
        "saveHtml": false,
        "saveJson": true,
        "consoleReporter": "spec",
        "useInlineDiffs": false,
        "code": true
      },
      "version": "7.1.3"
    },
    "marge": {
      "options": {
        "id": "default",
        "reportDir": "cypress/results/json",
        "overwrite": false,
        "html": false,
        "json": true
      },
      "version": "6.2.0"
    }
  }
}