{
  "stats": {
    "suites": 1,
    "tests": 2,
    "passes": 2,
    "pending": 0,
    "failures": 0,
    "start": "2022-12-27T13:48:11.514Z",
    "end": "2022-12-27T13:49:35.319Z",
    "duration": 83805,
    "testsRegistered": 2,
    "passPercent": 100,
    "pendingPercent": 0,
    "other": 0,
    "hasOther": false,
    "skipped": 0,
    "hasSkipped": false
  },
  "results": [
    {
      "uuid": "9b6bc670-999a-4924-a373-41672c6a737b",
      "title": "",
      "fullFile": "cypress/e2e/tests/signUp.cy.js",
      "file": "cypress/e2e/tests/signUp.cy.js",
      "beforeHooks": [],
      "afterHooks": [],
      "tests": [],
      "suites": [
        {
          "uuid": "48d94159-0d84-49a8-ace3-c6f6905c6c8c",
          "title": "Sign Up",
          "fullFile": "",
          "file": "",
          "beforeHooks": [],
          "afterHooks": [],
          "tests": [
            {
              "title": "A1 - Checking that it is not possible to register a new user with invalid email",
              "fullTitle": "Sign Up A1 - Checking that it is not possible to register a new user with invalid email",
              "timedOut": null,
              "duration": 42461,
              "state": "passed",
              "speed": "slow",
              "pass": true,
              "fail": false,
              "pending": false,
              "context": null,
              "code": "_signUp.default.clickSignUp();\ncy.fixture('const').then(data => {\n  _signUp.default.fillWorkEmail(data.invalidEmail);\n  _signUp.default.fillFullName(data.fullName);\n  _signUp.default.fillPassword(data.password);\n});\n_signUp.default.checkAgreeCheckbox();\n_signUp.default.submitSignUp();\n_signUp.default.checkInvalidDataError();",
              "err": {},
              "uuid": "295a0fa5-498c-4618-bfcc-47ea66cee44c",
              "parentUUID": "48d94159-0d84-49a8-ace3-c6f6905c6c8c",
              "isHook": false,
              "skipped": false
            },
            {
              "title": "A2 - Checking that it is not possible to register a new user with valid but not business email",
              "fullTitle": "Sign Up A2 - Checking that it is not possible to register a new user with valid but not business email",
              "timedOut": null,
              "duration": 33642,
              "state": "passed",
              "speed": "slow",
              "pass": true,
              "fail": false,
              "pending": false,
              "context": null,
              "code": "_signUp.default.clickSignUp();\ncy.fixture('const').then(data => {\n  _signUp.default.fillWorkEmail(data.notBusinessEmai);\n  _signUp.default.fillFullName(data.fullName);\n  _signUp.default.fillPassword(data.password);\n});\n_signUp.default.checkAgreeCheckbox();\n_signUp.default.submitSignUp();\n_signUp.default.checkNotBusinessEmailError();",
              "err": {},
              "uuid": "0bd591cb-736f-40b1-818b-eed25af93037",
              "parentUUID": "48d94159-0d84-49a8-ace3-c6f6905c6c8c",
              "isHook": false,
              "skipped": false
            }
          ],
          "suites": [],
          "passes": [
            "295a0fa5-498c-4618-bfcc-47ea66cee44c",
            "0bd591cb-736f-40b1-818b-eed25af93037"
          ],
          "failures": [],
          "pending": [],
          "skipped": [],
          "duration": 76103,
          "root": false,
          "rootEmpty": false,
          "_timeout": 2000
        }
      ],
      "passes": [],
      "failures": [],
      "pending": [],
      "skipped": [],
      "duration": 0,
      "root": true,
      "rootEmpty": true,
      "_timeout": 2000
    }
  ],
  "meta": {
    "mocha": {
      "version": "7.0.1"
    },
    "mochawesome": {
      "options": {
        "quiet": false,
        "reportFilename": "mochawesome",
        "saveHtml": false,
        "saveJson": true,
        "consoleReporter": "spec",
        "useInlineDiffs": false,
        "code": true
      },
      "version": "7.1.3"
    },
    "marge": {
      "options": {
        "id": "default",
        "reportDir": "cypress/results/json",
        "overwrite": false,
        "html": false,
        "json": true
      },
      "version": "6.2.0"
    }
  }
}