{
  "stats": {
    "suites": 1,
    "tests": 1,
    "passes": 1,
    "pending": 0,
    "failures": 0,
    "start": "2023-01-26T16:10:09.127Z",
    "end": "2023-01-26T16:10:37.863Z",
    "duration": 28736,
    "testsRegistered": 1,
    "passPercent": 100,
    "pendingPercent": 0,
    "other": 0,
    "hasOther": false,
    "skipped": 0,
    "hasSkipped": false
  },
  "results": [
    {
      "uuid": "73385b5f-b961-49f9-912b-794b9e571477",
      "title": "",
      "fullFile": "cypress/e2e/tests/supportCenter.cy.js",
      "file": "cypress/e2e/tests/supportCenter.cy.js",
      "beforeHooks": [],
      "afterHooks": [],
      "tests": [],
      "suites": [
        {
          "uuid": "e4dea876-3c0c-40ca-9e03-4e34676db0f8",
          "title": "Use a support Center",
          "fullFile": "",
          "file": "",
          "beforeHooks": [],
          "afterHooks": [],
          "tests": [
            {
              "title": "A6 - Checking the ability to use a support center",
              "fullTitle": "Use a support Center A6 - Checking the ability to use a support center",
              "timedOut": null,
              "duration": 23175,
              "state": "passed",
              "speed": "slow",
              "pass": true,
              "fail": false,
              "pending": false,
              "context": null,
              "code": "_supportCenter.default.clickSupportCenterBtn();\ncy.fixture('const').then(data => {\n  _supportCenter.default.fillSearchField(data.text);\n  _supportCenter.default.openArticle();\n  _supportCenter.default.checkArticleTitle(data.text);\n});",
              "err": {},
              "uuid": "f0fc51f7-7f20-4bd4-b17d-45a7eb710608",
              "parentUUID": "e4dea876-3c0c-40ca-9e03-4e34676db0f8",
              "isHook": false,
              "skipped": false
            }
          ],
          "suites": [],
          "passes": [
            "f0fc51f7-7f20-4bd4-b17d-45a7eb710608"
          ],
          "failures": [],
          "pending": [],
          "skipped": [],
          "duration": 23175,
          "root": false,
          "rootEmpty": false,
          "_timeout": 2000
        }
      ],
      "passes": [],
      "failures": [],
      "pending": [],
      "skipped": [],
      "duration": 0,
      "root": true,
      "rootEmpty": true,
      "_timeout": 2000
    }
  ],
  "meta": {
    "mocha": {
      "version": "7.0.1"
    },
    "mochawesome": {
      "options": {
        "quiet": false,
        "reportFilename": "mochawesome",
        "saveHtml": false,
        "saveJson": true,
        "consoleReporter": "spec",
        "useInlineDiffs": false,
        "code": true
      },
      "version": "7.1.3"
    },
    "marge": {
      "options": {
        "id": "default",
        "reportDir": "cypress/results/json",
        "overwrite": false,
        "html": false,
        "json": true
      },
      "version": "6.2.0"
    }
  }
}