{
  "stats": {
    "suites": 1,
    "tests": 2,
    "passes": 2,
    "pending": 0,
    "failures": 0,
    "start": "2023-01-26T16:07:00.034Z",
    "end": "2023-01-26T16:08:17.710Z",
    "duration": 77676,
    "testsRegistered": 2,
    "passPercent": 100,
    "pendingPercent": 0,
    "other": 0,
    "hasOther": false,
    "skipped": 0,
    "hasSkipped": false
  },
  "results": [
    {
      "uuid": "30185244-b5aa-4899-9bf7-fc8c1cd279b9",
      "title": "",
      "fullFile": "cypress/e2e/tests/signUp.cy.js",
      "file": "cypress/e2e/tests/signUp.cy.js",
      "beforeHooks": [],
      "afterHooks": [],
      "tests": [],
      "suites": [
        {
          "uuid": "d5136df4-3dd7-4322-8905-ab82d9cf3f79",
          "title": "Sign Up",
          "fullFile": "",
          "file": "",
          "beforeHooks": [],
          "afterHooks": [],
          "tests": [
            {
              "title": "A1 - Checking that it is not possible to register a new user with invalid email",
              "fullTitle": "Sign Up A1 - Checking that it is not possible to register a new user with invalid email",
              "timedOut": null,
              "duration": 37628,
              "state": "passed",
              "speed": "slow",
              "pass": true,
              "fail": false,
              "pending": false,
              "context": null,
              "code": "_signUp.default.clickSignUp();\ncy.fixture('const').then(data => {\n  _signUp.default.fillWorkEmail(data.invalidEmail);\n  _signUp.default.fillFullName(data.fullName);\n  _signUp.default.fillPassword(data.password);\n});\n_signUp.default.checkAgreeCheckbox();\n_signUp.default.submitSignUp();\n_signUp.default.checkInvalidDataError();",
              "err": {},
              "uuid": "3fd74595-41d6-4df7-8576-9fa94cfac66f",
              "parentUUID": "d5136df4-3dd7-4322-8905-ab82d9cf3f79",
              "isHook": false,
              "skipped": false
            },
            {
              "title": "A2 - Checking that it is not possible to register a new user with valid but not business email",
              "fullTitle": "Sign Up A2 - Checking that it is not possible to register a new user with valid but not business email",
              "timedOut": null,
              "duration": 33044,
              "state": "passed",
              "speed": "slow",
              "pass": true,
              "fail": false,
              "pending": false,
              "context": null,
              "code": "_signUp.default.clickSignUp();\ncy.fixture('const').then(data => {\n  _signUp.default.fillWorkEmail(data.notBusinessEmai);\n  _signUp.default.fillFullName(data.fullName);\n  _signUp.default.fillPassword(data.password);\n});\n_signUp.default.checkAgreeCheckbox();\n_signUp.default.submitSignUp();\n_signUp.default.checkNotBusinessEmailError(); //cy.contains('That email and password combination is not valid, or your browser could not be authenticated via recaptcha. Please try again.').should('be.visible')",
              "err": {},
              "uuid": "1df0d5a5-deee-4e63-9e42-1affa2ae1755",
              "parentUUID": "d5136df4-3dd7-4322-8905-ab82d9cf3f79",
              "isHook": false,
              "skipped": false
            }
          ],
          "suites": [],
          "passes": [
            "3fd74595-41d6-4df7-8576-9fa94cfac66f",
            "1df0d5a5-deee-4e63-9e42-1affa2ae1755"
          ],
          "failures": [],
          "pending": [],
          "skipped": [],
          "duration": 70672,
          "root": false,
          "rootEmpty": false,
          "_timeout": 2000
        }
      ],
      "passes": [],
      "failures": [],
      "pending": [],
      "skipped": [],
      "duration": 0,
      "root": true,
      "rootEmpty": true,
      "_timeout": 2000
    }
  ],
  "meta": {
    "mocha": {
      "version": "7.0.1"
    },
    "mochawesome": {
      "options": {
        "quiet": false,
        "reportFilename": "mochawesome",
        "saveHtml": false,
        "saveJson": true,
        "consoleReporter": "spec",
        "useInlineDiffs": false,
        "code": true
      },
      "version": "7.1.3"
    },
    "marge": {
      "options": {
        "id": "default",
        "reportDir": "cypress/results/json",
        "overwrite": false,
        "html": false,
        "json": true
      },
      "version": "6.2.0"
    }
  }
}