{
  "stats": {
    "suites": 1,
    "tests": 1,
    "passes": 1,
    "pending": 0,
    "failures": 0,
    "start": "2022-12-24T00:09:49.708Z",
    "end": "2022-12-24T00:10:06.626Z",
    "duration": 16918,
    "testsRegistered": 1,
    "passPercent": 100,
    "pendingPercent": 0,
    "other": 0,
    "hasOther": false,
    "skipped": 0,
    "hasSkipped": false
  },
  "results": [
    {
      "uuid": "9929483b-8bf4-4e9b-b6fa-847de9ab6366",
      "title": "",
      "fullFile": "cypress/e2e/tests/goToMain.cy.js",
      "file": "cypress/e2e/tests/goToMain.cy.js",
      "beforeHooks": [],
      "afterHooks": [],
      "tests": [],
      "suites": [
        {
          "uuid": "921ba419-84a8-4196-90a0-f16815319dfb",
          "title": "Go to main page",
          "fullFile": "",
          "file": "",
          "beforeHooks": [],
          "afterHooks": [],
          "tests": [
            {
              "title": "A9 - Checking the ability to return to the main page by clicking on site logo",
              "fullTitle": "Go to main page A9 - Checking the ability to return to the main page by clicking on site logo",
              "timedOut": null,
              "duration": 11530,
              "state": "passed",
              "speed": "slow",
              "pass": true,
              "fail": false,
              "pending": false,
              "context": null,
              "code": "cy.visit('https://telnyx.com/');\ncy.acceptCookies();\n_signUp.default.clickSignUp();\n_signUp.default.clickSiteLogo();\ncy.url().should('be.equal', 'https://telnyx.com/');",
              "err": {},
              "uuid": "7a0d90f8-9d08-47f4-9ba3-0d4c341e8153",
              "parentUUID": "921ba419-84a8-4196-90a0-f16815319dfb",
              "isHook": false,
              "skipped": false
            }
          ],
          "suites": [],
          "passes": [
            "7a0d90f8-9d08-47f4-9ba3-0d4c341e8153"
          ],
          "failures": [],
          "pending": [],
          "skipped": [],
          "duration": 11530,
          "root": false,
          "rootEmpty": false,
          "_timeout": 2000
        }
      ],
      "passes": [],
      "failures": [],
      "pending": [],
      "skipped": [],
      "duration": 0,
      "root": true,
      "rootEmpty": true,
      "_timeout": 2000
    }
  ],
  "meta": {
    "mocha": {
      "version": "7.0.1"
    },
    "mochawesome": {
      "options": {
        "quiet": false,
        "reportFilename": "mochawesome",
        "saveHtml": false,
        "saveJson": true,
        "consoleReporter": "spec",
        "useInlineDiffs": false,
        "code": true
      },
      "version": "7.1.3"
    },
    "marge": {
      "options": {
        "id": "default",
        "reportDir": "cypress/results/json",
        "overwrite": false,
        "html": false,
        "json": true
      },
      "version": "6.2.0"
    }
  }
}