{
  "stats": {
    "suites": 1,
    "tests": 2,
    "passes": 2,
    "pending": 0,
    "failures": 0,
    "start": "2022-12-24T00:13:45.414Z",
    "end": "2022-12-24T00:14:27.442Z",
    "duration": 42028,
    "testsRegistered": 2,
    "passPercent": 100,
    "pendingPercent": 0,
    "other": 0,
    "hasOther": false,
    "skipped": 0,
    "hasSkipped": false
  },
  "results": [
    {
      "uuid": "db337f88-7f6d-47da-93d7-710a505d94b1",
      "title": "",
      "fullFile": "cypress/e2e/tests/signUp.cy.js",
      "file": "cypress/e2e/tests/signUp.cy.js",
      "beforeHooks": [],
      "afterHooks": [],
      "tests": [],
      "suites": [
        {
          "uuid": "52aeb279-cd92-41fe-8d99-f52ac201ada2",
          "title": "Sign Up",
          "fullFile": "",
          "file": "",
          "beforeHooks": [],
          "afterHooks": [],
          "tests": [
            {
              "title": "A1 - Checking that it is not possible to register a new user with invalid email",
              "fullTitle": "Sign Up A1 - Checking that it is not possible to register a new user with invalid email",
              "timedOut": null,
              "duration": 18569,
              "state": "passed",
              "speed": "slow",
              "pass": true,
              "fail": false,
              "pending": false,
              "context": null,
              "code": "_signUp.default.clickSignUp();\ncy.fixture('const').then(data => {\n  _signUp.default.fillWorkEmail(data.invalidEmail);\n  _signUp.default.fillFullName(data.fullName);\n  _signUp.default.fillPassword(data.password);\n});\n_signUp.default.checkAgreeCheckbox();\n_signUp.default.submitSignUp();\n_signUp.default.checkInvalidDataError();",
              "err": {},
              "uuid": "87d5115a-50e8-4c40-8d5e-8b77bd8d71c4",
              "parentUUID": "52aeb279-cd92-41fe-8d99-f52ac201ada2",
              "isHook": false,
              "skipped": false
            },
            {
              "title": "A2 - Checking that it is not possible to register a new user with valid but not business email",
              "fullTitle": "Sign Up A2 - Checking that it is not possible to register a new user with valid but not business email",
              "timedOut": null,
              "duration": 19215,
              "state": "passed",
              "speed": "slow",
              "pass": true,
              "fail": false,
              "pending": false,
              "context": null,
              "code": "_signUp.default.clickSignUp();\ncy.fixture('const').then(data => {\n  _signUp.default.fillWorkEmail(data.notBusinessEmai);\n  _signUp.default.fillFullName(data.fullName);\n  _signUp.default.fillPassword(data.password);\n});\n_signUp.default.checkAgreeCheckbox();\n_signUp.default.submitSignUp();\n_signUp.default.checkNotBusinessEmailError();",
              "err": {},
              "uuid": "cb2047fe-e97a-4546-bcc9-9dba7ae38552",
              "parentUUID": "52aeb279-cd92-41fe-8d99-f52ac201ada2",
              "isHook": false,
              "skipped": false
            }
          ],
          "suites": [],
          "passes": [
            "87d5115a-50e8-4c40-8d5e-8b77bd8d71c4",
            "cb2047fe-e97a-4546-bcc9-9dba7ae38552"
          ],
          "failures": [],
          "pending": [],
          "skipped": [],
          "duration": 37784,
          "root": false,
          "rootEmpty": false,
          "_timeout": 2000
        }
      ],
      "passes": [],
      "failures": [],
      "pending": [],
      "skipped": [],
      "duration": 0,
      "root": true,
      "rootEmpty": true,
      "_timeout": 2000
    }
  ],
  "meta": {
    "mocha": {
      "version": "7.0.1"
    },
    "mochawesome": {
      "options": {
        "quiet": false,
        "reportFilename": "mochawesome",
        "saveHtml": false,
        "saveJson": true,
        "consoleReporter": "spec",
        "useInlineDiffs": false,
        "code": true
      },
      "version": "7.1.3"
    },
    "marge": {
      "options": {
        "id": "default",
        "reportDir": "cypress/results/json",
        "overwrite": false,
        "html": false,
        "json": true
      },
      "version": "6.2.0"
    }
  }
}