{
  "stats": {
    "suites": 1,
    "tests": 1,
    "passes": 1,
    "pending": 0,
    "failures": 0,
    "start": "2022-12-27T13:33:38.343Z",
    "end": "2022-12-27T13:34:10.133Z",
    "duration": 31790,
    "testsRegistered": 1,
    "passPercent": 100,
    "pendingPercent": 0,
    "other": 0,
    "hasOther": false,
    "skipped": 0,
    "hasSkipped": false
  },
  "results": [
    {
      "uuid": "410f1092-ff54-48de-a329-e843665ad523",
      "title": "",
      "fullFile": "cypress/e2e/tests/goToMain.cy.js",
      "file": "cypress/e2e/tests/goToMain.cy.js",
      "beforeHooks": [],
      "afterHooks": [],
      "tests": [],
      "suites": [
        {
          "uuid": "66706806-a253-47b0-a80b-8e5ae68bb15b",
          "title": "Go to main page",
          "fullFile": "",
          "file": "",
          "beforeHooks": [],
          "afterHooks": [],
          "tests": [
            {
              "title": "A9 - Checking the ability to return to the main page by clicking on site logo",
              "fullTitle": "Go to main page A9 - Checking the ability to return to the main page by clicking on site logo",
              "timedOut": null,
              "duration": 24345,
              "state": "passed",
              "speed": "slow",
              "pass": true,
              "fail": false,
              "pending": false,
              "context": null,
              "code": "cy.visit('https://telnyx.com/');\ncy.acceptCookies();\n_signUp.default.clickSignUp();\n_signUp.default.clickSiteLogo();\ncy.url().should('be.equal', 'https://telnyx.com/');",
              "err": {},
              "uuid": "ef4c9ed7-55f1-4947-8efd-1ac9c6511906",
              "parentUUID": "66706806-a253-47b0-a80b-8e5ae68bb15b",
              "isHook": false,
              "skipped": false
            }
          ],
          "suites": [],
          "passes": [
            "ef4c9ed7-55f1-4947-8efd-1ac9c6511906"
          ],
          "failures": [],
          "pending": [],
          "skipped": [],
          "duration": 24345,
          "root": false,
          "rootEmpty": false,
          "_timeout": 2000
        }
      ],
      "passes": [],
      "failures": [],
      "pending": [],
      "skipped": [],
      "duration": 0,
      "root": true,
      "rootEmpty": true,
      "_timeout": 2000
    }
  ],
  "meta": {
    "mocha": {
      "version": "7.0.1"
    },
    "mochawesome": {
      "options": {
        "quiet": false,
        "reportFilename": "mochawesome",
        "saveHtml": false,
        "saveJson": true,
        "consoleReporter": "spec",
        "useInlineDiffs": false,
        "code": true
      },
      "version": "7.1.3"
    },
    "marge": {
      "options": {
        "id": "default",
        "reportDir": "cypress/results/json",
        "overwrite": false,
        "html": false,
        "json": true
      },
      "version": "6.2.0"
    }
  }
}